Loading CRC_default/1.1
Loading CRC_default/1.1
epochs     : 200
output_dir : /users/jhao3/IntelligentCarpet/train/com/output/phase2_gamma
device     : cuda
loading tactile cache: /users/jhao3/IntelligentCarpet/train/com/output/tactile_all.npy
samples: total=17218, train=11963, test=5255
computing tactile train-set statistics...
  tactile mean=0.0667  std=0.0149
  CoM history mean=[ 864.03656846  795.95758743 -801.63419436]  std=[355.99896827 336.99385833 278.31618969]
  Y_delta mean=[-1.04585897  0.65072669 -1.29675495]  std=[90.97552234 87.1825227  81.5448755 ]

Gamma model: 283358 params
training for 200 epochs...
  epoch   0/199  train=0.95199  val=0.91543  best_val=0.91543  (112.7s)
  epoch   1/199  train=0.80993  val=0.73915  best_val=0.73915  (109.3s)
  epoch   2/199  train=0.62380  val=0.59070  best_val=0.59070  (110.0s)
  epoch   3/199  train=0.48033  val=0.47975  best_val=0.47975  (109.6s)
  epoch   4/199  train=0.37372  val=0.39538  best_val=0.39538  (109.5s)
  epoch   5/199  train=0.30020  val=0.30080  best_val=0.30080  (109.2s)
  epoch   6/199  train=0.23842  val=0.26469  best_val=0.26469  (109.4s)
  epoch   7/199  train=0.19925  val=0.22612  best_val=0.22612  (108.7s)
  epoch   8/199  train=0.16398  val=0.19604  best_val=0.19604  (108.6s)
  epoch   9/199  train=0.14323  val=0.16540  best_val=0.16540  (107.7s)
  epoch  10/199  train=0.12678  val=0.14436  best_val=0.14436  (108.3s)
  epoch  11/199  train=0.11098  val=0.12644  best_val=0.12644  (108.5s)
  epoch  12/199  train=0.10028  val=0.11778  best_val=0.11778  (108.4s)
  epoch  13/199  train=0.09092  val=0.11182  best_val=0.11182  (108.5s)
  epoch  14/199  train=0.08203  val=0.10126  best_val=0.10126  (108.7s)
  epoch  15/199  train=0.07606  val=0.09214  best_val=0.09214  (108.0s)
  epoch  16/199  train=0.07193  val=0.08572  best_val=0.08572  (108.0s)
  epoch  17/199  train=0.06819  val=0.08981  best_val=0.08572  (108.4s)
  epoch  18/199  train=0.06619  val=0.08015  best_val=0.08015  (108.8s)
  epoch  19/199  train=0.05975  val=0.07701  best_val=0.07701  (108.8s)
  epoch  20/199  train=0.05786  val=0.07465  best_val=0.07465  (108.1s)
  epoch  21/199  train=0.05626  val=0.07493  best_val=0.07465  (109.2s)
  epoch  22/199  train=0.05209  val=0.06798  best_val=0.06798  (109.2s)
  epoch  23/199  train=0.05043  val=0.06595  best_val=0.06595  (109.1s)
  epoch  24/199  train=0.04973  val=0.06476  best_val=0.06476  (109.2s)
  epoch  25/199  train=0.04872  val=0.06333  best_val=0.06333  (109.6s)
  epoch  26/199  train=0.04665  val=0.06326  best_val=0.06326  (109.1s)
  epoch  27/199  train=0.04509  val=0.06284  best_val=0.06284  (109.6s)
  epoch  28/199  train=0.04408  val=0.05959  best_val=0.05959  (111.1s)
  epoch  29/199  train=0.04310  val=0.05937  best_val=0.05937  (111.3s)
  epoch  30/199  train=0.04087  val=0.05510  best_val=0.05510  (111.0s)
  epoch  31/199  train=0.04114  val=0.05737  best_val=0.05510  (110.5s)
  epoch  32/199  train=0.03959  val=0.05409  best_val=0.05409  (109.2s)
  epoch  33/199  train=0.04122  val=0.05521  best_val=0.05409  (110.7s)
  epoch  34/199  train=0.03879  val=0.05441  best_val=0.05409  (109.5s)
  epoch  35/199  train=0.03710  val=0.05613  best_val=0.05409  (110.5s)
  epoch  36/199  train=0.03788  val=0.05591  best_val=0.05409  (108.2s)
  epoch  37/199  train=0.03786  val=0.05287  best_val=0.05287  (108.2s)
  epoch  38/199  train=0.03554  val=0.05119  best_val=0.05119  (105.6s)
  epoch  39/199  train=0.03497  val=0.05209  best_val=0.05119  (105.6s)
  epoch  40/199  train=0.03536  val=0.04909  best_val=0.04909  (106.9s)
  epoch  41/199  train=0.03529  val=0.05320  best_val=0.04909  (106.6s)
  epoch  42/199  train=0.03391  val=0.04654  best_val=0.04654  (106.9s)
  epoch  43/199  train=0.03204  val=0.04845  best_val=0.04654  (107.2s)
  epoch  44/199  train=0.03160  val=0.04500  best_val=0.04500  (107.5s)
  epoch  45/199  train=0.03087  val=0.04463  best_val=0.04463  (107.5s)
  epoch  46/199  train=0.03094  val=0.04730  best_val=0.04463  (107.7s)
  epoch  47/199  train=0.03245  val=0.04922  best_val=0.04463  (106.9s)
  epoch  48/199  train=0.03203  val=0.04840  best_val=0.04463  (106.3s)
  epoch  49/199  train=0.03286  val=0.04647  best_val=0.04463  (106.3s)
  epoch  50/199  train=0.02948  val=0.04295  best_val=0.04295  (106.4s)
  epoch  51/199  train=0.02885  val=0.04438  best_val=0.04295  (107.7s)
  epoch  52/199  train=0.02866  val=0.04338  best_val=0.04295  (106.0s)
  epoch  53/199  train=0.03075  val=0.04369  best_val=0.04295  (105.6s)
  epoch  54/199  train=0.02755  val=0.04475  best_val=0.04295  (106.3s)
  epoch  55/199  train=0.02744  val=0.04145  best_val=0.04145  (108.0s)
  epoch  56/199  train=0.02608  val=0.04097  best_val=0.04097  (107.4s)
  epoch  57/199  train=0.02698  val=0.04331  best_val=0.04097  (107.5s)
  epoch  58/199  train=0.02763  val=0.04027  best_val=0.04027  (107.0s)
  epoch  59/199  train=0.02530  val=0.04205  best_val=0.04027  (107.3s)
  epoch  60/199  train=0.02555  val=0.04114  best_val=0.04027  (107.0s)
  epoch  61/199  train=0.02595  val=0.04079  best_val=0.04027  (105.7s)
  epoch  62/199  train=0.02540  val=0.04179  best_val=0.04027  (106.2s)
  epoch  63/199  train=0.02504  val=0.04080  best_val=0.04027  (106.0s)
  epoch  64/199  train=0.02707  val=0.04213  best_val=0.04027  (105.9s)
  epoch  65/199  train=0.02418  val=0.03803  best_val=0.03803  (106.2s)
  epoch  66/199  train=0.02382  val=0.03894  best_val=0.03803  (106.5s)
  epoch  67/199  train=0.02411  val=0.04050  best_val=0.03803  (106.3s)
  epoch  68/199  train=0.02426  val=0.03857  best_val=0.03803  (106.3s)
  epoch  69/199  train=0.02358  val=0.03663  best_val=0.03663  (106.8s)
  epoch  70/199  train=0.02343  val=0.03826  best_val=0.03663  (105.6s)
  epoch  71/199  train=0.02262  val=0.03777  best_val=0.03663  (107.5s)
  epoch  72/199  train=0.02269  val=0.03767  best_val=0.03663  (107.7s)
  epoch  73/199  train=0.02262  val=0.03792  best_val=0.03663  (107.4s)
  epoch  74/199  train=0.02235  val=0.03691  best_val=0.03663  (107.2s)
  epoch  75/199  train=0.02229  val=0.03555  best_val=0.03555  (106.9s)
  epoch  76/199  train=0.02255  val=0.03842  best_val=0.03555  (107.6s)
  epoch  77/199  train=0.02330  val=0.03562  best_val=0.03555  (107.4s)
  epoch  78/199  train=0.02142  val=0.03879  best_val=0.03555  (107.2s)
  epoch  79/199  train=0.02218  val=0.03652  best_val=0.03555  (106.8s)
  epoch  80/199  train=0.02243  val=0.03540  best_val=0.03540  (107.5s)
  epoch  81/199  train=0.02008  val=0.03416  best_val=0.03416  (107.0s)
  epoch  82/199  train=0.01982  val=0.03446  best_val=0.03416  (107.1s)
  epoch  83/199  train=0.02065  val=0.03523  best_val=0.03416  (106.0s)
  epoch  84/199  train=0.02001  val=0.03390  best_val=0.03390  (106.0s)
  epoch  85/199  train=0.02115  val=0.03504  best_val=0.03390  (106.6s)
  epoch  86/199  train=0.02153  val=0.03436  best_val=0.03390  (107.6s)
  epoch  87/199  train=0.01991  val=0.03370  best_val=0.03370  (106.1s)
  epoch  88/199  train=0.01976  val=0.03440  best_val=0.03370  (107.7s)
  epoch  89/199  train=0.02030  val=0.03668  best_val=0.03370  (107.7s)
  epoch  90/199  train=0.01987  val=0.03323  best_val=0.03323  (107.7s)
  epoch  91/199  train=0.01922  val=0.03378  best_val=0.03323  (107.4s)
  epoch  92/199  train=0.01885  val=0.03285  best_val=0.03285  (107.8s)
  epoch  93/199  train=0.01970  val=0.03322  best_val=0.03285  (107.6s)
  epoch  94/199  train=0.01963  val=0.03321  best_val=0.03285  (106.8s)
  epoch  95/199  train=0.01896  val=0.03314  best_val=0.03285  (106.7s)
  epoch  96/199  train=0.01852  val=0.03266  best_val=0.03266  (107.8s)
  epoch  97/199  train=0.01898  val=0.03205  best_val=0.03205  (107.1s)
  epoch  98/199  train=0.01876  val=0.03245  best_val=0.03205  (106.7s)
  epoch  99/199  train=0.01781  val=0.03144  best_val=0.03144  (106.2s)
  epoch 100/199  train=0.01824  val=0.03212  best_val=0.03144  (107.2s)
  epoch 101/199  train=0.01862  val=0.03433  best_val=0.03144  (106.3s)
  epoch 102/199  train=0.01856  val=0.03249  best_val=0.03144  (108.0s)
  epoch 103/199  train=0.01850  val=0.03194  best_val=0.03144  (106.2s)
  epoch 104/199  train=0.01844  val=0.03155  best_val=0.03144  (106.7s)
  epoch 105/199  train=0.01786  val=0.03086  best_val=0.03086  (107.3s)
  epoch 106/199  train=0.01730  val=0.03116  best_val=0.03086  (106.1s)
  epoch 107/199  train=0.01689  val=0.03039  best_val=0.03039  (106.4s)
  epoch 108/199  train=0.01743  val=0.03338  best_val=0.03039  (107.7s)
  epoch 109/199  train=0.01866  val=0.03218  best_val=0.03039  (108.4s)
  epoch 110/199  train=0.01725  val=0.03120  best_val=0.03039  (106.6s)
  epoch 111/199  train=0.01758  val=0.03133  best_val=0.03039  (106.7s)
  epoch 112/199  train=0.01820  val=0.03051  best_val=0.03039  (107.7s)
  epoch 113/199  train=0.01654  val=0.02970  best_val=0.02970  (107.7s)
  epoch 114/199  train=0.01648  val=0.03193  best_val=0.02970  (106.6s)
  epoch 115/199  train=0.01751  val=0.03117  best_val=0.02970  (106.3s)
  epoch 116/199  train=0.01697  val=0.02997  best_val=0.02970  (107.7s)
  epoch 117/199  train=0.01661  val=0.02980  best_val=0.02970  (106.6s)
  epoch 118/199  train=0.01623  val=0.03046  best_val=0.02970  (107.1s)
  epoch 119/199  train=0.01642  val=0.03030  best_val=0.02970  (106.9s)
  epoch 120/199  train=0.01660  val=0.03003  best_val=0.02970  (106.7s)
  epoch 121/199  train=0.01577  val=0.02910  best_val=0.02910  (107.2s)
  epoch 122/199  train=0.01621  val=0.02966  best_val=0.02910  (107.2s)
  epoch 123/199  train=0.01589  val=0.02869  best_val=0.02869  (107.3s)
  epoch 124/199  train=0.01584  val=0.02878  best_val=0.02869  (107.2s)
  epoch 125/199  train=0.01594  val=0.02950  best_val=0.02869  (107.4s)
  epoch 126/199  train=0.01595  val=0.02883  best_val=0.02869  (107.2s)
  epoch 127/199  train=0.01576  val=0.02913  best_val=0.02869  (106.0s)
  epoch 128/199  train=0.01586  val=0.02856  best_val=0.02856  (106.0s)
  epoch 129/199  train=0.01592  val=0.03022  best_val=0.02856  (106.0s)
  epoch 130/199  train=0.01614  val=0.03008  best_val=0.02856  (105.6s)
  epoch 131/199  train=0.01568  val=0.02831  best_val=0.02831  (105.2s)
  epoch 132/199  train=0.01557  val=0.02982  best_val=0.02831  (106.5s)
  epoch 133/199  train=0.01628  val=0.02906  best_val=0.02831  (106.8s)
  epoch 134/199  train=0.01538  val=0.02860  best_val=0.02831  (106.1s)
  epoch 135/199  train=0.01502  val=0.02869  best_val=0.02831  (108.1s)
  epoch 136/199  train=0.01578  val=0.02807  best_val=0.02807  (108.7s)
  epoch 137/199  train=0.01472  val=0.02770  best_val=0.02770  (108.4s)
  epoch 138/199  train=0.01515  val=0.02955  best_val=0.02770  (109.8s)
  epoch 139/199  train=0.01456  val=0.02916  best_val=0.02770  (110.3s)
  epoch 140/199  train=0.01597  val=0.02856  best_val=0.02770  (107.5s)
  epoch 141/199  train=0.01497  val=0.02767  best_val=0.02767  (107.6s)
  epoch 142/199  train=0.01455  val=0.02796  best_val=0.02767  (107.8s)
  epoch 143/199  train=0.01497  val=0.02828  best_val=0.02767  (107.8s)
  epoch 144/199  train=0.01457  val=0.02770  best_val=0.02767  (108.2s)
  epoch 145/199  train=0.01469  val=0.02836  best_val=0.02767  (125.4s)
  epoch 146/199  train=0.01463  val=0.02722  best_val=0.02722  (132.3s)
  epoch 147/199  train=0.01404  val=0.02796  best_val=0.02722  (132.5s)
  epoch 148/199  train=0.01439  val=0.02736  best_val=0.02722  (131.8s)
  epoch 149/199  train=0.01425  val=0.02775  best_val=0.02722  (129.4s)
  epoch 150/199  train=0.01487  val=0.02846  best_val=0.02722  (129.3s)
  epoch 151/199  train=0.01416  val=0.02805  best_val=0.02722  (130.4s)
  epoch 152/199  train=0.01349  val=0.02752  best_val=0.02722  (128.4s)
  epoch 153/199  train=0.01412  val=0.02811  best_val=0.02722  (126.3s)
  epoch 154/199  train=0.01413  val=0.02689  best_val=0.02689  (133.0s)
  epoch 155/199  train=0.01368  val=0.02767  best_val=0.02689  (128.2s)
  epoch 156/199  train=0.01428  val=0.02685  best_val=0.02685  (119.9s)
  epoch 157/199  train=0.01397  val=0.02746  best_val=0.02685  (128.4s)
  epoch 158/199  train=0.01407  val=0.02720  best_val=0.02685  (106.4s)
  epoch 159/199  train=0.01331  val=0.02790  best_val=0.02685  (106.4s)
  epoch 160/199  train=0.01370  val=0.02732  best_val=0.02685  (108.2s)
  epoch 161/199  train=0.01417  val=0.02634  best_val=0.02634  (112.9s)
  epoch 162/199  train=0.01394  val=0.02700  best_val=0.02634  (112.3s)
  epoch 163/199  train=0.01381  val=0.02654  best_val=0.02634  (112.8s)
  epoch 164/199  train=0.01347  val=0.02725  best_val=0.02634  (108.6s)
  epoch 165/199  train=0.01376  val=0.02742  best_val=0.02634  (106.6s)
  epoch 166/199  train=0.01432  val=0.02738  best_val=0.02634  (106.7s)
  epoch 167/199  train=0.01364  val=0.02662  best_val=0.02634  (106.7s)
  epoch 168/199  train=0.01353  val=0.02632  best_val=0.02632  (106.8s)
  epoch 169/199  train=0.01276  val=0.02615  best_val=0.02615  (107.0s)
  epoch 170/199  train=0.01270  val=0.02545  best_val=0.02545  (107.5s)
  epoch 171/199  train=0.01253  val=0.02665  best_val=0.02545  (107.4s)
  epoch 172/199  train=0.01399  val=0.02722  best_val=0.02545  (107.7s)
  epoch 173/199  train=0.01331  val=0.02622  best_val=0.02545  (107.2s)
  epoch 174/199  train=0.01288  val=0.02637  best_val=0.02545  (107.2s)
  epoch 175/199  train=0.01262  val=0.02602  best_val=0.02545  (107.1s)
  epoch 176/199  train=0.01266  val=0.02654  best_val=0.02545  (108.0s)
  epoch 177/199  train=0.01329  val=0.02666  best_val=0.02545  (106.6s)
  epoch 178/199  train=0.01276  val=0.02604  best_val=0.02545  (106.2s)
  epoch 179/199  train=0.01339  val=0.02689  best_val=0.02545  (106.3s)
  epoch 180/199  train=0.01326  val=0.02705  best_val=0.02545  (105.7s)
  epoch 181/199  train=0.01275  val=0.02620  best_val=0.02545  (106.2s)
  epoch 182/199  train=0.01286  val=0.02543  best_val=0.02543  (106.4s)
  epoch 183/199  train=0.01271  val=0.02612  best_val=0.02543  (106.4s)
  epoch 184/199  train=0.01300  val=0.02519  best_val=0.02519  (106.5s)
  epoch 185/199  train=0.01255  val=0.02522  best_val=0.02519  (106.4s)
  epoch 186/199  train=0.01258  val=0.02626  best_val=0.02519  (106.4s)
  epoch 187/199  train=0.01252  val=0.02580  best_val=0.02519  (106.3s)
  epoch 188/199  train=0.01207  val=0.02589  best_val=0.02519  (106.4s)
  epoch 189/199  train=0.01258  val=0.02493  best_val=0.02493  (106.3s)
  epoch 190/199  train=0.01257  val=0.02547  best_val=0.02493  (106.3s)
  epoch 191/199  train=0.01208  val=0.02489  best_val=0.02489  (106.3s)
  epoch 192/199  train=0.01235  val=0.02632  best_val=0.02489  (106.3s)
  epoch 193/199  train=0.01212  val=0.02534  best_val=0.02489  (106.3s)
  epoch 194/199  train=0.01227  val=0.02597  best_val=0.02489  (106.7s)
  epoch 195/199  train=0.01243  val=0.02535  best_val=0.02489  (106.1s)
  epoch 196/199  train=0.01229  val=0.02505  best_val=0.02489  (106.3s)
  epoch 197/199  train=0.01187  val=0.02515  best_val=0.02489  (107.3s)
  epoch 198/199  train=0.01231  val=0.02485  best_val=0.02485  (107.3s)
  epoch 199/199  train=0.01195  val=0.02459  best_val=0.02459  (107.1s)

evaluating on test set...
subset partition (threshold 40.10 mm/frame): static=3678, moving=1577

==============================================================================
GAMMA FUSION RESULTS  (n_test = 5255, horizon = 1.0 s)
==============================================================================
subsets: full (5255), static (3678), moving (1577)

method                  FULL median  STATIC median  MOVING median   skill@MOVING
  persistence                 54.1            38.1           132.9           1.000
  phase2_gamma                55.6            45.1           104.5           0.786

MOVING-subset per-axis medians (mm):
  persistence             x=  65.6  y=  53.5  z=  12.2
  phase2_gamma            x=  45.2  y=  46.4  z=  19.5

Gamma per-subject median (full / moving) mm:
  WanShou         full: n= 375 median=  44.5    moving: n= 145 median=  73.0
  LiangShi        full: n= 389 median=  50.1    moving: n= 145 median=  76.2
  ZeyuWu          full: n= 392 median=  57.1    moving: n= 131 median=  84.3
  MikeFoshey      full: n= 406 median=  62.4    moving: n= 187 median=  91.2
  TongZhang       full: n= 392 median=  36.7    moving: n= 122 median=  96.0
  YunzhuLi        full: n= 420 median=  68.6    moving: n= 181 median= 102.4
  TimErps         full: n= 381 median=  62.7    moving: n= 107 median= 129.3
  MantianXue      full: n= 364 median=  61.5    moving: n= 193 median= 129.8
  PingchuanMa     full: n= 400 median=  55.5    moving: n= 149 median= 137.2
  YiyueLuo        full: n=1736 median=  57.4    moving: n= 217 median= 138.5

==============================================================================
DECISION HINT (MOVING subset, 1-s horizon)
==============================================================================
gamma:    104.5 mm
Phase 1:  104.5 mm  (CoM history only)
v2:       91.0 mm  (camera 21-keypoint history)
-> gamma BEATS Phase 1 -- tactile adds info on top of CoM history. POSITIVE (but less than camera-pose).

Saved metrics + plots to /users/jhao3/IntelligentCarpet/train/com/output/phase2_gamma
Loading CRC_default/1.1
